<?xml version="1.0" encoding="UTF-8"?>
<!-- Generated by org.testng.reporters.JUnitReportReporter -->
<testsuite hostname="DESKTOP-019IDSC" failures="0" tests="1" name="testcase.testlogin" time="5.942" errors="0" timestamp="2024-01-11T14:43:28 IST" skipped="0">
  <testcase classname="testcase.testlogin" name="login" time="5.942"/>
  <system-out/>
</testsuite> <!-- testcase.testlogin -->
